
RAxML-NG v. 0.9.0 released on 20.05.2019 by The Exelixis Lab.
Developed by: Alexey M. Kozlov and Alexandros Stamatakis.
Contributors: Diego Darriba, Tomas Flouri, Benoit Morel, Sarah Lutteropp, Ben Bettisworth.
Latest version: https://github.com/amkozlov/raxml-ng
Questions/problems/suggestions? Please visit: https://groups.google.com/forum/#!forum/raxml

RAxML-NG was called at 02-Apr-2020 06:37:45 as follows:

/apps/raxml-ng/0.9.0/bin/raxml-ng --bootstrap --msa results/200317/alignments/200317.trimmed.noDup.muscleAlignment.raxml.rba --bs-trees 100 --prefix results/200317/200317_trees/CB1 --seed 28407 --threads 4

Analysis options:
  run mode: Bootstrapping
  start tree(s): 
  bootstrap replicates: 100
  random seed: 28407
  tip-inner: OFF
  pattern compression: ON
  per-rate scalers: OFF
  site repeats: ON
  branch lengths: proportional (ML estimate, algorithm: NR-FAST)
  SIMD kernels: AVX2
  parallelization: PTHREADS (4 threads), thread pinning: OFF

[00:00:00] Loading binary alignment from file: results/200317/alignments/200317.trimmed.noDup.muscleAlignment.raxml.rba
[00:00:00] Alignment comprises 301 taxa, 1 partitions and 732 patterns

Partition 0: noname
Model: GTR+FO+I+G4m
Alignment sites / patterns: 29655 / 732
Gaps: 0.10 %
Invariant sites: 98.18 %


[00:00:00] Data distribution: max. partitions/sites/weight per thread: 1 / 183 / 2928
[00:00:00] Starting bootstrapping analysis with 100 replicates.

[00:00:40] Bootstrap tree #1, logLikelihood: -45624.365743
[00:01:50] Bootstrap tree #2, logLikelihood: -45964.577519
[00:02:29] Bootstrap tree #3, logLikelihood: -46310.725767
[00:03:08] Bootstrap tree #4, logLikelihood: -45894.431156
[00:03:48] Bootstrap tree #5, logLikelihood: -46014.076734
[00:04:29] Bootstrap tree #6, logLikelihood: -45611.187644
[00:05:11] Bootstrap tree #7, logLikelihood: -45606.468661
[00:05:49] Bootstrap tree #8, logLikelihood: -45924.826453
[00:06:27] Bootstrap tree #9, logLikelihood: -45854.383022
[00:07:25] Bootstrap tree #10, logLikelihood: -45611.459292
[00:08:02] Bootstrap tree #11, logLikelihood: -45982.419079
[00:08:37] Bootstrap tree #12, logLikelihood: -46154.809151
[00:09:15] Bootstrap tree #13, logLikelihood: -45596.678333
[00:10:00] Bootstrap tree #14, logLikelihood: -45976.961288
[00:10:44] Bootstrap tree #15, logLikelihood: -46264.142170
[00:11:19] Bootstrap tree #16, logLikelihood: -45382.812466
[00:11:53] Bootstrap tree #17, logLikelihood: -45399.519402
[00:12:33] Bootstrap tree #18, logLikelihood: -45655.947781
[00:13:13] Bootstrap tree #19, logLikelihood: -46023.098080
[00:13:59] Bootstrap tree #20, logLikelihood: -45897.204191
[00:14:50] Bootstrap tree #21, logLikelihood: -45440.108478
[00:15:31] Bootstrap tree #22, logLikelihood: -45654.930310
[00:16:17] Bootstrap tree #23, logLikelihood: -46215.992216
[00:17:01] Bootstrap tree #24, logLikelihood: -45993.099244
[00:17:40] Bootstrap tree #25, logLikelihood: -46041.341626
[00:18:16] Bootstrap tree #26, logLikelihood: -45515.654059
[00:19:00] Bootstrap tree #27, logLikelihood: -45755.078550
[00:19:43] Bootstrap tree #28, logLikelihood: -45976.698434
[00:20:25] Bootstrap tree #29, logLikelihood: -46545.841788
[00:21:07] Bootstrap tree #30, logLikelihood: -46182.307063
[00:21:48] Bootstrap tree #31, logLikelihood: -45588.684966
[00:22:29] Bootstrap tree #32, logLikelihood: -45752.673757
[00:23:07] Bootstrap tree #33, logLikelihood: -45595.743624
[00:23:50] Bootstrap tree #34, logLikelihood: -46006.840159
[00:24:48] Bootstrap tree #35, logLikelihood: -45646.377438
[00:25:32] Bootstrap tree #36, logLikelihood: -45815.316730
[00:26:13] Bootstrap tree #37, logLikelihood: -45810.861010
[00:26:52] Bootstrap tree #38, logLikelihood: -46091.616372
[00:27:34] Bootstrap tree #39, logLikelihood: -45984.800450
[00:28:17] Bootstrap tree #40, logLikelihood: -45458.218514
[00:28:58] Bootstrap tree #41, logLikelihood: -45825.325988
[00:29:37] Bootstrap tree #42, logLikelihood: -45919.890746
[00:30:14] Bootstrap tree #43, logLikelihood: -45920.651700
[00:30:54] Bootstrap tree #44, logLikelihood: -45619.639316
[00:31:38] Bootstrap tree #45, logLikelihood: -45388.725939
[00:32:19] Bootstrap tree #46, logLikelihood: -45818.037228
[00:33:25] Bootstrap tree #47, logLikelihood: -45918.874911
[00:34:21] Bootstrap tree #48, logLikelihood: -45809.556200
[00:35:00] Bootstrap tree #49, logLikelihood: -46097.093470
[00:35:46] Bootstrap tree #50, logLikelihood: -45967.607594
[00:36:28] Bootstrap tree #51, logLikelihood: -46110.818972
[00:37:18] Bootstrap tree #52, logLikelihood: -45914.375269
[00:38:08] Bootstrap tree #53, logLikelihood: -45445.638192
[00:38:51] Bootstrap tree #54, logLikelihood: -45854.600265
[00:39:30] Bootstrap tree #55, logLikelihood: -46343.135325
[00:40:08] Bootstrap tree #56, logLikelihood: -46176.030648
[00:40:51] Bootstrap tree #57, logLikelihood: -45824.615612
[00:41:33] Bootstrap tree #58, logLikelihood: -45871.318379
[00:42:11] Bootstrap tree #59, logLikelihood: -46028.243176
[00:42:46] Bootstrap tree #60, logLikelihood: -45637.222812
[00:43:34] Bootstrap tree #61, logLikelihood: -45677.887351
[00:44:23] Bootstrap tree #62, logLikelihood: -45602.612113
[00:45:06] Bootstrap tree #63, logLikelihood: -46327.300526
[00:45:49] Bootstrap tree #64, logLikelihood: -45529.759447
[00:46:31] Bootstrap tree #65, logLikelihood: -45806.093635
[00:47:14] Bootstrap tree #66, logLikelihood: -45125.030825
[00:47:54] Bootstrap tree #67, logLikelihood: -45887.485852
[00:48:35] Bootstrap tree #68, logLikelihood: -46036.251767
[00:49:26] Bootstrap tree #69, logLikelihood: -46157.337316
[00:50:05] Bootstrap tree #70, logLikelihood: -45525.155162
[00:50:49] Bootstrap tree #71, logLikelihood: -45791.561395
[00:51:42] Bootstrap tree #72, logLikelihood: -46202.749845
[00:52:21] Bootstrap tree #73, logLikelihood: -45882.153049
[00:53:02] Bootstrap tree #74, logLikelihood: -45779.099883
[00:53:40] Bootstrap tree #75, logLikelihood: -45722.750818
[00:54:24] Bootstrap tree #76, logLikelihood: -45703.377848
[00:55:14] Bootstrap tree #77, logLikelihood: -45953.065117
[00:55:56] Bootstrap tree #78, logLikelihood: -45803.767852
[00:56:39] Bootstrap tree #79, logLikelihood: -46032.647518
[00:57:19] Bootstrap tree #80, logLikelihood: -45771.391978
[00:57:58] Bootstrap tree #81, logLikelihood: -46032.083392
[00:58:41] Bootstrap tree #82, logLikelihood: -45972.118160
[00:59:17] Bootstrap tree #83, logLikelihood: -46108.740183
[00:59:57] Bootstrap tree #84, logLikelihood: -45929.154807
[01:00:39] Bootstrap tree #85, logLikelihood: -46306.111023
[01:01:20] Bootstrap tree #86, logLikelihood: -46134.983097
[01:02:10] Bootstrap tree #87, logLikelihood: -46019.377941
[01:02:52] Bootstrap tree #88, logLikelihood: -45242.591238
[01:03:38] Bootstrap tree #89, logLikelihood: -45492.320989
[01:04:50] Bootstrap tree #90, logLikelihood: -45754.327055
[01:05:29] Bootstrap tree #91, logLikelihood: -45911.556324
[01:06:14] Bootstrap tree #92, logLikelihood: -45497.147404
[01:06:53] Bootstrap tree #93, logLikelihood: -45851.606470
[01:07:29] Bootstrap tree #94, logLikelihood: -45560.896432
[01:08:10] Bootstrap tree #95, logLikelihood: -45335.045095
[01:08:49] Bootstrap tree #96, logLikelihood: -46476.601299
[01:09:29] Bootstrap tree #97, logLikelihood: -45707.342166
[01:10:08] Bootstrap tree #98, logLikelihood: -46129.522826
[01:10:42] Bootstrap tree #99, logLikelihood: -45707.837789
[01:11:20] Bootstrap tree #100, logLikelihood: -46405.053439

Bootstrap trees saved to: /scratch1/wil9cq/COVID19_TBED/analysisPipeline/results/200317/200317_trees/CB1.raxml.bootstraps

Execution log saved to: /scratch1/wil9cq/COVID19_TBED/analysisPipeline/results/200317/200317_trees/CB1.raxml.log

Analysis started: 02-Apr-2020 06:37:45 / finished: 02-Apr-2020 07:49:05

Elapsed time: 4280.425 seconds

