
RAxML-NG v. 0.9.0 released on 20.05.2019 by The Exelixis Lab.
Developed by: Alexey M. Kozlov and Alexandros Stamatakis.
Contributors: Diego Darriba, Tomas Flouri, Benoit Morel, Sarah Lutteropp, Ben Bettisworth.
Latest version: https://github.com/amkozlov/raxml-ng
Questions/problems/suggestions? Please visit: https://groups.google.com/forum/#!forum/raxml

RAxML-NG was called at 02-Apr-2020 05:05:09 as follows:

/apps/raxml-ng/0.9.0/bin/raxml-ng --bootstrap --msa results/200317/alignments/200317.trimmed.noDup.muscleAlignment.raxml.rba --bs-trees 100 --prefix results/200317/200317_trees/CB3 --seed 28383 --threads 4

Analysis options:
  run mode: Bootstrapping
  start tree(s): 
  bootstrap replicates: 100
  random seed: 28383
  tip-inner: OFF
  pattern compression: ON
  per-rate scalers: OFF
  site repeats: ON
  branch lengths: proportional (ML estimate, algorithm: NR-FAST)
  SIMD kernels: AVX2
  parallelization: PTHREADS (4 threads), thread pinning: OFF

[00:00:00] Loading binary alignment from file: results/200317/alignments/200317.trimmed.noDup.muscleAlignment.raxml.rba
[00:00:00] Alignment comprises 301 taxa, 1 partitions and 732 patterns

Partition 0: noname
Model: GTR+FO+I+G4m
Alignment sites / patterns: 29655 / 732
Gaps: 0.10 %
Invariant sites: 98.18 %


[00:00:00] Data distribution: max. partitions/sites/weight per thread: 1 / 183 / 2928
[00:00:00] Starting bootstrapping analysis with 100 replicates.

[00:00:39] Bootstrap tree #1, logLikelihood: -45701.880231
[00:01:14] Bootstrap tree #2, logLikelihood: -45957.317698
[00:01:53] Bootstrap tree #3, logLikelihood: -45810.844776
[00:02:35] Bootstrap tree #4, logLikelihood: -46406.549601
[00:03:45] Bootstrap tree #5, logLikelihood: -46133.631993
[00:04:29] Bootstrap tree #6, logLikelihood: -45679.964340
[00:05:10] Bootstrap tree #7, logLikelihood: -45682.596078
[00:05:49] Bootstrap tree #8, logLikelihood: -44991.593248
[00:06:40] Bootstrap tree #9, logLikelihood: -45286.269522
[00:07:18] Bootstrap tree #10, logLikelihood: -46059.874406
[00:08:01] Bootstrap tree #11, logLikelihood: -46363.029695
[00:08:44] Bootstrap tree #12, logLikelihood: -45502.544877
[00:09:22] Bootstrap tree #13, logLikelihood: -45794.103289
[00:10:04] Bootstrap tree #14, logLikelihood: -45616.923911
[00:11:02] Bootstrap tree #15, logLikelihood: -45620.149021
[00:11:39] Bootstrap tree #16, logLikelihood: -45973.823533
[00:12:22] Bootstrap tree #17, logLikelihood: -45559.673566
[00:13:03] Bootstrap tree #18, logLikelihood: -45663.985917
[00:13:41] Bootstrap tree #19, logLikelihood: -45881.137361
[00:14:18] Bootstrap tree #20, logLikelihood: -45906.458126
[00:14:57] Bootstrap tree #21, logLikelihood: -45940.226486
[00:15:43] Bootstrap tree #22, logLikelihood: -45493.559258
[00:16:21] Bootstrap tree #23, logLikelihood: -45549.476052
[00:17:01] Bootstrap tree #24, logLikelihood: -45612.146822
[00:17:49] Bootstrap tree #25, logLikelihood: -45795.591456
[00:18:26] Bootstrap tree #26, logLikelihood: -46031.035503
[00:19:56] Bootstrap tree #27, logLikelihood: -46330.547764
[00:20:33] Bootstrap tree #28, logLikelihood: -46002.648154
[00:21:15] Bootstrap tree #29, logLikelihood: -45879.261211
[00:21:52] Bootstrap tree #30, logLikelihood: -46123.526309
[00:22:40] Bootstrap tree #31, logLikelihood: -46037.571630
[00:23:20] Bootstrap tree #32, logLikelihood: -45765.311869
[00:23:58] Bootstrap tree #33, logLikelihood: -45894.299160
[00:24:42] Bootstrap tree #34, logLikelihood: -45919.422205
[00:25:29] Bootstrap tree #35, logLikelihood: -45854.098329
[00:26:11] Bootstrap tree #36, logLikelihood: -45952.991781
[00:26:48] Bootstrap tree #37, logLikelihood: -46278.871312
[00:27:31] Bootstrap tree #38, logLikelihood: -45612.811678
[00:28:17] Bootstrap tree #39, logLikelihood: -46303.117610
[00:28:59] Bootstrap tree #40, logLikelihood: -45762.132994
[00:30:00] Bootstrap tree #41, logLikelihood: -45979.903871
[00:30:38] Bootstrap tree #42, logLikelihood: -45506.585861
[00:31:16] Bootstrap tree #43, logLikelihood: -45626.947856
[00:31:52] Bootstrap tree #44, logLikelihood: -46104.905803
[00:32:28] Bootstrap tree #45, logLikelihood: -45778.275615
[00:33:06] Bootstrap tree #46, logLikelihood: -45768.092441
[00:33:43] Bootstrap tree #47, logLikelihood: -45900.428429
[00:34:21] Bootstrap tree #48, logLikelihood: -45986.338346
[00:35:00] Bootstrap tree #49, logLikelihood: -45744.453539
[00:35:50] Bootstrap tree #50, logLikelihood: -45720.812264
[00:36:51] Bootstrap tree #51, logLikelihood: -45886.532922
[00:37:36] Bootstrap tree #52, logLikelihood: -45839.891529
[00:38:15] Bootstrap tree #53, logLikelihood: -46008.914222
[00:38:52] Bootstrap tree #54, logLikelihood: -45768.114430
[00:39:30] Bootstrap tree #55, logLikelihood: -46182.407185
[00:40:22] Bootstrap tree #56, logLikelihood: -46220.128196
[00:41:04] Bootstrap tree #57, logLikelihood: -45654.401840
[00:41:41] Bootstrap tree #58, logLikelihood: -45669.893513
[00:42:24] Bootstrap tree #59, logLikelihood: -46026.900593
[00:43:01] Bootstrap tree #60, logLikelihood: -45676.683527
[00:43:45] Bootstrap tree #61, logLikelihood: -46025.625987
[00:44:23] Bootstrap tree #62, logLikelihood: -45587.155921
[00:45:03] Bootstrap tree #63, logLikelihood: -45666.457920
[00:45:41] Bootstrap tree #64, logLikelihood: -45884.083435
[00:46:19] Bootstrap tree #65, logLikelihood: -45874.392851
[00:46:57] Bootstrap tree #66, logLikelihood: -45715.875486
[00:48:12] Bootstrap tree #67, logLikelihood: -45490.802941
[00:48:56] Bootstrap tree #68, logLikelihood: -45619.762507
[00:49:46] Bootstrap tree #69, logLikelihood: -46028.898174
[00:50:27] Bootstrap tree #70, logLikelihood: -46070.937726
[00:51:09] Bootstrap tree #71, logLikelihood: -45951.279793
[00:51:47] Bootstrap tree #72, logLikelihood: -45912.699976
[00:52:24] Bootstrap tree #73, logLikelihood: -45895.862199
[00:53:09] Bootstrap tree #74, logLikelihood: -46360.569797
[00:53:56] Bootstrap tree #75, logLikelihood: -45777.841419
[00:54:33] Bootstrap tree #76, logLikelihood: -45963.784587
[00:55:09] Bootstrap tree #77, logLikelihood: -45927.400250
[00:55:50] Bootstrap tree #78, logLikelihood: -45431.295337
[00:56:24] Bootstrap tree #79, logLikelihood: -45972.886559
[00:57:08] Bootstrap tree #80, logLikelihood: -45834.418977
[00:57:51] Bootstrap tree #81, logLikelihood: -45798.378688
[00:58:32] Bootstrap tree #82, logLikelihood: -45638.699118
[00:59:21] Bootstrap tree #83, logLikelihood: -45741.308579
[01:00:04] Bootstrap tree #84, logLikelihood: -46065.428268
[01:00:46] Bootstrap tree #85, logLikelihood: -45834.278688
[01:01:22] Bootstrap tree #86, logLikelihood: -45874.472662
[01:02:03] Bootstrap tree #87, logLikelihood: -45553.413459
[01:02:42] Bootstrap tree #88, logLikelihood: -45681.829049
[01:03:41] Bootstrap tree #89, logLikelihood: -45672.284150
[01:04:20] Bootstrap tree #90, logLikelihood: -45968.815814
[01:04:57] Bootstrap tree #91, logLikelihood: -45567.381257
[01:05:50] Bootstrap tree #92, logLikelihood: -46037.891948
[01:06:32] Bootstrap tree #93, logLikelihood: -45659.678507
[01:07:11] Bootstrap tree #94, logLikelihood: -45955.155463
[01:07:47] Bootstrap tree #95, logLikelihood: -45958.749136
[01:08:25] Bootstrap tree #96, logLikelihood: -45751.528268
[01:09:41] Bootstrap tree #97, logLikelihood: -45446.334667
[01:10:22] Bootstrap tree #98, logLikelihood: -45938.496891
[01:10:59] Bootstrap tree #99, logLikelihood: -45243.643895
[01:11:42] Bootstrap tree #100, logLikelihood: -45824.966179

Bootstrap trees saved to: /scratch1/wil9cq/COVID19_TBED/analysisPipeline/results/200317/200317_trees/CB3.raxml.bootstraps

Execution log saved to: /scratch1/wil9cq/COVID19_TBED/analysisPipeline/results/200317/200317_trees/CB3.raxml.log

Analysis started: 02-Apr-2020 05:05:09 / finished: 02-Apr-2020 06:16:51

Elapsed time: 4302.393 seconds

