
RAxML-NG v. 0.9.0 released on 20.05.2019 by The Exelixis Lab.
Developed by: Alexey M. Kozlov and Alexandros Stamatakis.
Contributors: Diego Darriba, Tomas Flouri, Benoit Morel, Sarah Lutteropp, Ben Bettisworth.
Latest version: https://github.com/amkozlov/raxml-ng
Questions/problems/suggestions? Please visit: https://groups.google.com/forum/#!forum/raxml

RAxML-NG was called at 02-Apr-2020 06:14:06 as follows:

/apps/raxml-ng/0.9.0/bin/raxml-ng --search --msa results/200317/alignments/200317.trimmed.noDup.muscleAlignment.raxml.rba --tree pars{100} --prefix results/200317/200317_trees/CT1 --seed 32718 --threads 4

Analysis options:
  run mode: ML tree search
  start tree(s): parsimony (100)
  random seed: 32718
  tip-inner: OFF
  pattern compression: ON
  per-rate scalers: OFF
  site repeats: ON
  fast spr radius: AUTO
  spr subtree cutoff: 1.000000
  branch lengths: proportional (ML estimate, algorithm: NR-FAST)
  SIMD kernels: AVX2
  parallelization: PTHREADS (4 threads), thread pinning: OFF

[00:00:00] Loading binary alignment from file: results/200317/alignments/200317.trimmed.noDup.muscleAlignment.raxml.rba
[00:00:00] Alignment comprises 301 taxa, 1 partitions and 732 patterns

Partition 0: noname
Model: GTR+FO+I+G4m
Alignment sites / patterns: 29655 / 732
Gaps: 0.10 %
Invariant sites: 98.18 %


[00:00:00] Generating 100 parsimony starting tree(s) with 301 taxa
[00:00:20] Data distribution: max. partitions/sites/weight per thread: 1 / 183 / 2928

Starting ML tree search with 100 distinct starting trees

[00:00:52] ML tree search #1, logLikelihood: -46041.823245
[00:01:39] ML tree search #2, logLikelihood: -46038.397377
[00:02:24] ML tree search #3, logLikelihood: -46032.786340
[00:03:07] ML tree search #4, logLikelihood: -46033.508750
[00:03:49] ML tree search #5, logLikelihood: -46032.404651
[00:04:13] ML tree search #6, logLikelihood: -46033.439142
[00:05:00] ML tree search #7, logLikelihood: -46032.473205
[00:05:58] ML tree search #8, logLikelihood: -46032.419611
[00:07:12] ML tree search #9, logLikelihood: -46033.282827
[00:07:53] ML tree search #10, logLikelihood: -46032.441484
[00:08:33] ML tree search #11, logLikelihood: -46033.036858
[00:09:11] ML tree search #12, logLikelihood: -46039.426208
[00:09:38] ML tree search #13, logLikelihood: -46039.154091
[00:10:12] ML tree search #14, logLikelihood: -46039.511149
[00:10:46] ML tree search #15, logLikelihood: -46032.516341
[00:11:11] ML tree search #16, logLikelihood: -46032.438937
[00:11:58] ML tree search #17, logLikelihood: -46032.457057
[00:13:05] ML tree search #18, logLikelihood: -46032.907892
[00:13:56] ML tree search #19, logLikelihood: -46038.987175
[00:14:27] ML tree search #20, logLikelihood: -46032.441134
[00:15:08] ML tree search #21, logLikelihood: -46039.099699
[00:15:30] ML tree search #22, logLikelihood: -46033.790822
[00:16:30] ML tree search #23, logLikelihood: -46032.445246
[00:17:06] ML tree search #24, logLikelihood: -46038.453490
[00:17:27] ML tree search #25, logLikelihood: -46039.349109
[00:18:08] ML tree search #26, logLikelihood: -46045.635301
[00:18:55] ML tree search #27, logLikelihood: -46038.327603
[00:19:34] ML tree search #28, logLikelihood: -46038.266835
[00:20:11] ML tree search #29, logLikelihood: -46039.433923
[00:20:47] ML tree search #30, logLikelihood: -46039.448940
[00:21:14] ML tree search #31, logLikelihood: -46032.891630
[00:22:04] ML tree search #32, logLikelihood: -46038.405464
[00:22:49] ML tree search #33, logLikelihood: -46032.546322
[00:23:33] ML tree search #34, logLikelihood: -46033.042073
[00:24:09] ML tree search #35, logLikelihood: -46032.774693
[00:24:47] ML tree search #36, logLikelihood: -46032.474530
[00:25:19] ML tree search #37, logLikelihood: -46038.331092
[00:25:47] ML tree search #38, logLikelihood: -46039.454784
[00:26:23] ML tree search #39, logLikelihood: -46032.490843
[00:26:50] ML tree search #40, logLikelihood: -46032.536187
[00:27:26] ML tree search #41, logLikelihood: -46032.864527
[00:27:56] ML tree search #42, logLikelihood: -46039.525792
[00:28:24] ML tree search #43, logLikelihood: -46034.247004
[00:28:52] ML tree search #44, logLikelihood: -46038.431345
[00:29:23] ML tree search #45, logLikelihood: -46045.369329
[00:30:07] ML tree search #46, logLikelihood: -46032.413638
[00:30:44] ML tree search #47, logLikelihood: -46032.434918
[00:31:12] ML tree search #48, logLikelihood: -46033.083382
[00:32:02] ML tree search #49, logLikelihood: -46038.336357
[00:32:46] ML tree search #50, logLikelihood: -46032.400421
[00:33:20] ML tree search #51, logLikelihood: -46045.363332
[00:34:01] ML tree search #52, logLikelihood: -46040.937754
[00:34:54] ML tree search #53, logLikelihood: -46032.507900
[00:35:26] ML tree search #54, logLikelihood: -46039.898634
[00:36:23] ML tree search #55, logLikelihood: -46032.479870
[00:36:50] ML tree search #56, logLikelihood: -46039.465226
[00:37:37] ML tree search #57, logLikelihood: -46039.011518
[00:38:18] ML tree search #58, logLikelihood: -46032.796126
[00:39:05] ML tree search #59, logLikelihood: -46032.509980
[00:39:52] ML tree search #60, logLikelihood: -46032.575888
[00:40:33] ML tree search #61, logLikelihood: -46042.885664
[00:41:03] ML tree search #62, logLikelihood: -46032.583798
[00:41:57] ML tree search #63, logLikelihood: -46032.441144
[00:42:35] ML tree search #64, logLikelihood: -46041.819667
[00:43:12] ML tree search #65, logLikelihood: -46038.394256
[00:43:53] ML tree search #66, logLikelihood: -46040.270009
[00:44:29] ML tree search #67, logLikelihood: -46032.438864
[00:45:23] ML tree search #68, logLikelihood: -46032.898251
[00:46:19] ML tree search #69, logLikelihood: -46033.006273
[00:47:23] ML tree search #70, logLikelihood: -46032.547160
[00:47:56] ML tree search #71, logLikelihood: -46033.770468
[00:48:30] ML tree search #72, logLikelihood: -46032.501922
[00:49:25] ML tree search #73, logLikelihood: -46032.452324
[00:50:02] ML tree search #74, logLikelihood: -46046.143097
[00:50:49] ML tree search #75, logLikelihood: -46032.875344
[00:51:37] ML tree search #76, logLikelihood: -46033.233898
[00:52:26] ML tree search #77, logLikelihood: -46033.120302
[00:53:03] ML tree search #78, logLikelihood: -46038.953871
[00:53:40] ML tree search #79, logLikelihood: -46039.418566
[00:54:09] ML tree search #80, logLikelihood: -46032.422901
[00:54:44] ML tree search #81, logLikelihood: -46038.893562
[00:55:28] ML tree search #82, logLikelihood: -46033.061927
[00:55:53] ML tree search #83, logLikelihood: -46039.454159
[00:56:24] ML tree search #84, logLikelihood: -46038.807783
[00:57:14] ML tree search #85, logLikelihood: -46033.061133
[00:57:54] ML tree search #86, logLikelihood: -46032.435070
[00:58:24] ML tree search #87, logLikelihood: -46032.803075
[00:59:26] ML tree search #88, logLikelihood: -46032.447546
[01:00:10] ML tree search #89, logLikelihood: -46041.355015
[01:01:06] ML tree search #90, logLikelihood: -46038.320188
[01:02:03] ML tree search #91, logLikelihood: -46041.309208
[01:02:42] ML tree search #92, logLikelihood: -46044.206643
[01:03:27] ML tree search #93, logLikelihood: -46039.448725
[01:03:58] ML tree search #94, logLikelihood: -46032.792122
[01:04:25] ML tree search #95, logLikelihood: -46032.526269
[01:04:56] ML tree search #96, logLikelihood: -46032.468921
[01:05:31] ML tree search #97, logLikelihood: -46046.683442
[01:06:25] ML tree search #98, logLikelihood: -46032.378264
[01:06:47] ML tree search #99, logLikelihood: -46038.533733
[01:07:35] ML tree search #100, logLikelihood: -46032.784474

Optimized model parameters:

   Partition 0: noname
   Rate heterogeneity: GAMMA (4 cats, mean),  alpha: 0.717967 (ML),  weights&rates: (0.250000,0.078029) (0.250000,0.371885) (0.250000,0.931349) (0.250000,2.618737) 
   P-inv (ML): 0.733361
   Base frequencies (ML): 0.298529 0.182173 0.195663 0.323636 
   Substitution rates (ML): 0.383540 1.206120 0.329272 0.701884 3.401737 1.000000 


Final LogLikelihood: -46032.378264

AIC score: 93282.756529 / AICc score: 93308.336835 / BIC score: 98335.864618
Free parameters (model + branch lengths): 609

Best ML tree saved to: /scratch1/wil9cq/COVID19_TBED/analysisPipeline/results/200317/200317_trees/CT1.raxml.bestTree
All ML trees saved to: /scratch1/wil9cq/COVID19_TBED/analysisPipeline/results/200317/200317_trees/CT1.raxml.mlTrees
Optimized model saved to: /scratch1/wil9cq/COVID19_TBED/analysisPipeline/results/200317/200317_trees/CT1.raxml.bestModel

Execution log saved to: /scratch1/wil9cq/COVID19_TBED/analysisPipeline/results/200317/200317_trees/CT1.raxml.log

Analysis started: 02-Apr-2020 06:14:06 / finished: 02-Apr-2020 07:21:42

Elapsed time: 4055.560 seconds

