
RAxML-NG v. 0.9.0 released on 20.05.2019 by The Exelixis Lab.
Developed by: Alexey M. Kozlov and Alexandros Stamatakis.
Contributors: Diego Darriba, Tomas Flouri, Benoit Morel, Sarah Lutteropp, Ben Bettisworth.
Latest version: https://github.com/amkozlov/raxml-ng
Questions/problems/suggestions? Please visit: https://groups.google.com/forum/#!forum/raxml

RAxML-NG was called at 02-Apr-2020 07:49:05 as follows:

/apps/raxml-ng/0.9.0/bin/raxml-ng --search --msa results/200317/alignments/200317.trimmed.noDup.muscleAlignment.raxml.rba --tree pars{100} --prefix results/200317/200317_trees/CT10 --seed 25838 --threads 4

Analysis options:
  run mode: ML tree search
  start tree(s): parsimony (100)
  random seed: 25838
  tip-inner: OFF
  pattern compression: ON
  per-rate scalers: OFF
  site repeats: ON
  fast spr radius: AUTO
  spr subtree cutoff: 1.000000
  branch lengths: proportional (ML estimate, algorithm: NR-FAST)
  SIMD kernels: AVX2
  parallelization: PTHREADS (4 threads), thread pinning: OFF

[00:00:00] Loading binary alignment from file: results/200317/alignments/200317.trimmed.noDup.muscleAlignment.raxml.rba
[00:00:00] Alignment comprises 301 taxa, 1 partitions and 732 patterns

Partition 0: noname
Model: GTR+FO+I+G4m
Alignment sites / patterns: 29655 / 732
Gaps: 0.10 %
Invariant sites: 98.18 %


[00:00:00] Generating 100 parsimony starting tree(s) with 301 taxa
[00:00:20] Data distribution: max. partitions/sites/weight per thread: 1 / 183 / 2928

Starting ML tree search with 100 distinct starting trees

[00:01:03] ML tree search #1, logLikelihood: -46038.519519
[00:01:49] ML tree search #2, logLikelihood: -46038.381952
[00:02:16] ML tree search #3, logLikelihood: -46039.464099
[00:02:45] ML tree search #4, logLikelihood: -46039.158678
[00:03:30] ML tree search #5, logLikelihood: -46032.397847
[00:04:10] ML tree search #6, logLikelihood: -46039.499411
[00:04:43] ML tree search #7, logLikelihood: -46039.368319
[00:05:31] ML tree search #8, logLikelihood: -46032.716463
[00:06:06] ML tree search #9, logLikelihood: -46041.857756
[00:06:34] ML tree search #10, logLikelihood: -46039.973732
[00:07:34] ML tree search #11, logLikelihood: -46033.019781
[00:08:11] ML tree search #12, logLikelihood: -46032.541589
[00:08:48] ML tree search #13, logLikelihood: -46033.231923
[00:09:38] ML tree search #14, logLikelihood: -46032.411402
[00:10:11] ML tree search #15, logLikelihood: -46032.466060
[00:11:10] ML tree search #16, logLikelihood: -46032.425594
[00:11:46] ML tree search #17, logLikelihood: -46032.570396
[00:12:44] ML tree search #18, logLikelihood: -46039.399722
[00:13:24] ML tree search #19, logLikelihood: -46040.049636
[00:14:29] ML tree search #20, logLikelihood: -46039.393726
[00:15:15] ML tree search #21, logLikelihood: -46032.908930
[00:15:42] ML tree search #22, logLikelihood: -46034.112985
[00:16:24] ML tree search #23, logLikelihood: -46039.422246
[00:16:59] ML tree search #24, logLikelihood: -46033.093869
[00:17:34] ML tree search #25, logLikelihood: -46039.448911
[00:18:07] ML tree search #26, logLikelihood: -46032.507395
[00:18:49] ML tree search #27, logLikelihood: -46033.299458
[00:19:47] ML tree search #28, logLikelihood: -46032.421013
[00:20:19] ML tree search #29, logLikelihood: -46038.396587
[00:20:44] ML tree search #30, logLikelihood: -46046.551763
[00:21:21] ML tree search #31, logLikelihood: -46039.435743
[00:22:02] ML tree search #32, logLikelihood: -46038.387845
[00:22:48] ML tree search #33, logLikelihood: -46032.484682
[00:23:32] ML tree search #34, logLikelihood: -46032.488977
[00:23:58] ML tree search #35, logLikelihood: -46046.160959
[00:24:30] ML tree search #36, logLikelihood: -46040.315479
[00:25:02] ML tree search #37, logLikelihood: -46041.475891
[00:25:47] ML tree search #38, logLikelihood: -46038.521791
[00:26:25] ML tree search #39, logLikelihood: -46045.289463
[00:27:10] ML tree search #40, logLikelihood: -46038.883785
[00:27:51] ML tree search #41, logLikelihood: -46038.421346
[00:28:33] ML tree search #42, logLikelihood: -46033.258436
[00:29:14] ML tree search #43, logLikelihood: -46032.439440
[00:29:45] ML tree search #44, logLikelihood: -46038.545993
[00:30:15] ML tree search #45, logLikelihood: -46032.531448
[00:31:00] ML tree search #46, logLikelihood: -46032.437286
[00:31:51] ML tree search #47, logLikelihood: -46032.419809
[00:32:50] ML tree search #48, logLikelihood: -46032.828523
[00:33:22] ML tree search #49, logLikelihood: -46032.477482
[00:33:48] ML tree search #50, logLikelihood: -46040.315307
[00:34:30] ML tree search #51, logLikelihood: -46038.383720
[00:35:04] ML tree search #52, logLikelihood: -46032.372638
[00:35:44] ML tree search #53, logLikelihood: -46039.045480
[00:36:26] ML tree search #54, logLikelihood: -46038.558729
[00:37:00] ML tree search #55, logLikelihood: -46039.538826
[00:37:28] ML tree search #56, logLikelihood: -46043.328975
[00:37:58] ML tree search #57, logLikelihood: -46032.518322
[00:38:44] ML tree search #58, logLikelihood: -46033.003707
[00:39:39] ML tree search #59, logLikelihood: -46032.796984
[00:40:29] ML tree search #60, logLikelihood: -46032.975666
[00:40:58] ML tree search #61, logLikelihood: -46032.446118
[00:41:27] ML tree search #62, logLikelihood: -46032.776976
[00:42:19] ML tree search #63, logLikelihood: -46032.506875
[00:42:52] ML tree search #64, logLikelihood: -46038.631122
[00:43:38] ML tree search #65, logLikelihood: -46032.405476
[00:44:29] ML tree search #66, logLikelihood: -46038.376778
[00:45:30] ML tree search #67, logLikelihood: -46038.868276
[00:45:55] ML tree search #68, logLikelihood: -46036.299006
[00:46:51] ML tree search #69, logLikelihood: -46033.069025
[00:47:30] ML tree search #70, logLikelihood: -46039.542631
[00:48:02] ML tree search #71, logLikelihood: -46039.872698
[00:48:47] ML tree search #72, logLikelihood: -46038.418577
[00:49:47] ML tree search #73, logLikelihood: -46040.031395
[00:50:23] ML tree search #74, logLikelihood: -46038.307542
[00:51:02] ML tree search #75, logLikelihood: -46032.470732
[00:52:13] ML tree search #76, logLikelihood: -46032.509210
[00:53:15] ML tree search #77, logLikelihood: -46032.879608
[00:53:50] ML tree search #78, logLikelihood: -46038.308989
[00:54:26] ML tree search #79, logLikelihood: -46032.595434
[00:54:51] ML tree search #80, logLikelihood: -46038.408216
[00:55:32] ML tree search #81, logLikelihood: -46032.448697
[00:56:09] ML tree search #82, logLikelihood: -46045.434628
[00:57:12] ML tree search #83, logLikelihood: -46032.647297
[00:57:44] ML tree search #84, logLikelihood: -46032.480734
[00:58:14] ML tree search #85, logLikelihood: -46039.416740
[00:58:49] ML tree search #86, logLikelihood: -46038.321000
[00:59:31] ML tree search #87, logLikelihood: -46038.284962
[01:00:04] ML tree search #88, logLikelihood: -46032.863545
[01:00:54] ML tree search #89, logLikelihood: -46032.797988
[01:01:28] ML tree search #90, logLikelihood: -46032.617870
[01:01:55] ML tree search #91, logLikelihood: -46045.555237
[01:02:24] ML tree search #92, logLikelihood: -46040.309544
[01:03:05] ML tree search #93, logLikelihood: -46045.318038
[01:03:41] ML tree search #94, logLikelihood: -46032.490572
[01:04:05] ML tree search #95, logLikelihood: -46039.250847
[01:04:34] ML tree search #96, logLikelihood: -46038.345989
[01:05:09] ML tree search #97, logLikelihood: -46033.081457
[01:06:00] ML tree search #98, logLikelihood: -46032.480014
[01:06:34] ML tree search #99, logLikelihood: -46032.378401
[01:07:12] ML tree search #100, logLikelihood: -46032.460612

Optimized model parameters:

   Partition 0: noname
   Rate heterogeneity: GAMMA (4 cats, mean),  alpha: 0.723972 (ML),  weights&rates: (0.250000,0.079314) (0.250000,0.374625) (0.250000,0.933438) (0.250000,2.612623) 
   P-inv (ML): 0.734240
   Base frequencies (ML): 0.298532 0.182170 0.195661 0.323637 
   Substitution rates (ML): 0.383655 1.206370 0.329362 0.702160 3.402661 1.000000 


Final LogLikelihood: -46032.372638

AIC score: 93282.745276 / AICc score: 93308.325582 / BIC score: 98335.853365
Free parameters (model + branch lengths): 609

Best ML tree saved to: /scratch1/wil9cq/COVID19_TBED/analysisPipeline/results/200317/200317_trees/CT10.raxml.bestTree
All ML trees saved to: /scratch1/wil9cq/COVID19_TBED/analysisPipeline/results/200317/200317_trees/CT10.raxml.mlTrees
Optimized model saved to: /scratch1/wil9cq/COVID19_TBED/analysisPipeline/results/200317/200317_trees/CT10.raxml.bestModel

Execution log saved to: /scratch1/wil9cq/COVID19_TBED/analysisPipeline/results/200317/200317_trees/CT10.raxml.log

Analysis started: 02-Apr-2020 07:49:05 / finished: 02-Apr-2020 08:56:18

Elapsed time: 4033.104 seconds

