
RAxML-NG v. 0.9.0 released on 20.05.2019 by The Exelixis Lab.
Developed by: Alexey M. Kozlov and Alexandros Stamatakis.
Contributors: Diego Darriba, Tomas Flouri, Benoit Morel, Sarah Lutteropp, Ben Bettisworth.
Latest version: https://github.com/amkozlov/raxml-ng
Questions/problems/suggestions? Please visit: https://groups.google.com/forum/#!forum/raxml

RAxML-NG was called at 02-Apr-2020 07:28:51 as follows:

/apps/raxml-ng/0.9.0/bin/raxml-ng --search --msa results/200317/alignments/200317.trimmed.noDup.muscleAlignment.raxml.rba --tree rand{100} --prefix results/200317/200317_trees/CT14 --seed 2223 --threads 4

Analysis options:
  run mode: ML tree search
  start tree(s): random (100)
  random seed: 2223
  tip-inner: OFF
  pattern compression: ON
  per-rate scalers: OFF
  site repeats: ON
  fast spr radius: AUTO
  spr subtree cutoff: 1.000000
  branch lengths: proportional (ML estimate, algorithm: NR-FAST)
  SIMD kernels: AVX2
  parallelization: PTHREADS (4 threads), thread pinning: OFF

[00:00:00] Loading binary alignment from file: results/200317/alignments/200317.trimmed.noDup.muscleAlignment.raxml.rba
[00:00:00] Alignment comprises 301 taxa, 1 partitions and 732 patterns

Partition 0: noname
Model: GTR+FO+I+G4m
Alignment sites / patterns: 29655 / 732
Gaps: 0.10 %
Invariant sites: 98.18 %


[00:00:00] Generating 100 random starting tree(s) with 301 taxa
[00:00:00] Data distribution: max. partitions/sites/weight per thread: 1 / 183 / 2928

Starting ML tree search with 100 distinct starting trees

[00:00:56] ML tree search #1, logLikelihood: -46032.235499
[00:01:49] ML tree search #2, logLikelihood: -46032.843849
[00:02:43] ML tree search #3, logLikelihood: -46032.806902
[00:03:35] ML tree search #4, logLikelihood: -46033.171595
[00:04:53] ML tree search #5, logLikelihood: -46032.254157
[00:05:50] ML tree search #6, logLikelihood: -46032.245897
[00:07:07] ML tree search #7, logLikelihood: -46032.238417
[00:08:00] ML tree search #8, logLikelihood: -46032.250294
[00:08:54] ML tree search #9, logLikelihood: -46032.244774
[00:09:44] ML tree search #10, logLikelihood: -46033.114362
[00:10:36] ML tree search #11, logLikelihood: -46032.275745
[00:11:39] ML tree search #12, logLikelihood: -46032.804323
[00:12:36] ML tree search #13, logLikelihood: -46032.264403
[00:13:33] ML tree search #14, logLikelihood: -46032.278712
[00:14:27] ML tree search #15, logLikelihood: -46032.229807
[00:15:19] ML tree search #16, logLikelihood: -46032.260551
[00:16:12] ML tree search #17, logLikelihood: -46032.271557
[00:17:05] ML tree search #18, logLikelihood: -46032.285203
[00:18:26] ML tree search #19, logLikelihood: -46032.242579
[00:19:20] ML tree search #20, logLikelihood: -46032.273779
[00:20:16] ML tree search #21, logLikelihood: -46032.289746
[00:21:14] ML tree search #22, logLikelihood: -46038.154293
[00:22:10] ML tree search #23, logLikelihood: -46032.249225
[00:23:01] ML tree search #24, logLikelihood: -46038.138180
[00:23:52] ML tree search #25, logLikelihood: -46032.330032
[00:24:41] ML tree search #26, logLikelihood: -46032.270589
[00:25:35] ML tree search #27, logLikelihood: -46032.250177
[00:26:28] ML tree search #28, logLikelihood: -46032.270894
[00:27:22] ML tree search #29, logLikelihood: -46032.230264
[00:28:22] ML tree search #30, logLikelihood: -46032.230746
[00:29:07] ML tree search #31, logLikelihood: -46032.269791
[00:29:57] ML tree search #32, logLikelihood: -46038.157724
[00:30:51] ML tree search #33, logLikelihood: -46032.235835
[00:31:45] ML tree search #34, logLikelihood: -46032.843594
[00:32:38] ML tree search #35, logLikelihood: -46032.290335
[00:33:27] ML tree search #36, logLikelihood: -46032.269733
[00:34:20] ML tree search #37, logLikelihood: -46032.230318
[00:35:06] ML tree search #38, logLikelihood: -46032.285517
[00:35:57] ML tree search #39, logLikelihood: -46032.230338
[00:36:54] ML tree search #40, logLikelihood: -46032.230821
[00:37:49] ML tree search #41, logLikelihood: -46032.245462
[00:38:36] ML tree search #42, logLikelihood: -46038.172449
[00:39:25] ML tree search #43, logLikelihood: -46033.114750
[00:40:18] ML tree search #44, logLikelihood: -46032.804602
[00:41:11] ML tree search #45, logLikelihood: -46032.315196
[00:42:32] ML tree search #46, logLikelihood: -46032.238400
[00:43:30] ML tree search #47, logLikelihood: -46032.261283
[00:44:25] ML tree search #48, logLikelihood: -46032.230885
[00:45:24] ML tree search #49, logLikelihood: -46032.270538
[00:46:12] ML tree search #50, logLikelihood: -46038.692574
[00:47:10] ML tree search #51, logLikelihood: -46032.254322
[00:48:08] ML tree search #52, logLikelihood: -46032.244912
[00:48:56] ML tree search #53, logLikelihood: -46032.283474
[00:49:46] ML tree search #54, logLikelihood: -46032.290373
[00:50:33] ML tree search #55, logLikelihood: -46032.270939
[00:51:22] ML tree search #56, logLikelihood: -46032.274976
[00:52:19] ML tree search #57, logLikelihood: -46032.229632
[00:53:16] ML tree search #58, logLikelihood: -46032.294396
[00:54:06] ML tree search #59, logLikelihood: -46032.294045
[00:55:05] ML tree search #60, logLikelihood: -46032.248712
[00:55:54] ML tree search #61, logLikelihood: -46032.269470
[00:56:49] ML tree search #62, logLikelihood: -46038.168863
[00:57:44] ML tree search #63, logLikelihood: -46032.270084
[00:58:35] ML tree search #64, logLikelihood: -46032.285807
[00:59:45] ML tree search #65, logLikelihood: -46032.237972
[01:00:45] ML tree search #66, logLikelihood: -46032.230463
[01:01:34] ML tree search #67, logLikelihood: -46032.843246
[01:02:29] ML tree search #68, logLikelihood: -46038.134928
[01:03:36] ML tree search #69, logLikelihood: -46032.230656
[01:04:32] ML tree search #70, logLikelihood: -46032.270123
[01:05:24] ML tree search #71, logLikelihood: -46032.250907
[01:06:23] ML tree search #72, logLikelihood: -46032.250214
[01:07:15] ML tree search #73, logLikelihood: -46038.164674
[01:08:08] ML tree search #74, logLikelihood: -46032.290927
[01:09:00] ML tree search #75, logLikelihood: -46032.873908
[01:09:53] ML tree search #76, logLikelihood: -46032.235691
[01:10:44] ML tree search #77, logLikelihood: -46032.807294
[01:11:33] ML tree search #78, logLikelihood: -46032.270326
[01:12:24] ML tree search #79, logLikelihood: -46038.184330
[01:13:20] ML tree search #80, logLikelihood: -46032.231340
[01:14:09] ML tree search #81, logLikelihood: -46033.171629
[01:15:03] ML tree search #82, logLikelihood: -46032.299505
[01:15:54] ML tree search #83, logLikelihood: -46032.245680
[01:16:50] ML tree search #84, logLikelihood: -46032.249701
[01:17:39] ML tree search #85, logLikelihood: -46032.844648
[01:18:28] ML tree search #86, logLikelihood: -46032.627308
[01:19:21] ML tree search #87, logLikelihood: -46032.230669
[01:20:23] ML tree search #88, logLikelihood: -46032.366362
[01:21:22] ML tree search #89, logLikelihood: -46032.260487
[01:22:16] ML tree search #90, logLikelihood: -46032.230719
[01:23:13] ML tree search #91, logLikelihood: -46032.280852
[01:24:14] ML tree search #92, logLikelihood: -46038.167664
[01:25:06] ML tree search #93, logLikelihood: -46032.267911
[01:25:57] ML tree search #94, logLikelihood: -46032.274896
[01:26:50] ML tree search #95, logLikelihood: -46032.230105
[01:27:47] ML tree search #96, logLikelihood: -46032.230678
[01:28:43] ML tree search #97, logLikelihood: -46032.837122
[01:29:31] ML tree search #98, logLikelihood: -46032.270226
[01:30:24] ML tree search #99, logLikelihood: -46032.289391
[01:31:17] ML tree search #100, logLikelihood: -46032.271194

Optimized model parameters:

   Partition 0: noname
   Rate heterogeneity: GAMMA (4 cats, mean),  alpha: 1.555216 (ML),  weights&rates: (0.250000,0.233727) (0.250000,0.597496) (0.250000,1.053506) (0.250000,2.115270) 
   P-inv (ML): 0.796469
   Base frequencies (ML): 0.298535 0.182179 0.195660 0.323626 
   Substitution rates (ML): 0.383044 1.204929 0.329319 0.701254 3.397294 1.000000 


Final LogLikelihood: -46032.229632

AIC score: 93282.459265 / AICc score: 93308.039571 / BIC score: 98335.567354
Free parameters (model + branch lengths): 609

Best ML tree saved to: /scratch1/wil9cq/COVID19_TBED/analysisPipeline/results/200317/200317_trees/CT14.raxml.bestTree
All ML trees saved to: /scratch1/wil9cq/COVID19_TBED/analysisPipeline/results/200317/200317_trees/CT14.raxml.mlTrees
Optimized model saved to: /scratch1/wil9cq/COVID19_TBED/analysisPipeline/results/200317/200317_trees/CT14.raxml.bestModel

Execution log saved to: /scratch1/wil9cq/COVID19_TBED/analysisPipeline/results/200317/200317_trees/CT14.raxml.log

Analysis started: 02-Apr-2020 07:28:51 / finished: 02-Apr-2020 09:00:09

Elapsed time: 5477.858 seconds

