
RAxML-NG v. 0.9.0 released on 20.05.2019 by The Exelixis Lab.
Developed by: Alexey M. Kozlov and Alexandros Stamatakis.
Contributors: Diego Darriba, Tomas Flouri, Benoit Morel, Sarah Lutteropp, Ben Bettisworth.
Latest version: https://github.com/amkozlov/raxml-ng
Questions/problems/suggestions? Please visit: https://groups.google.com/forum/#!forum/raxml

RAxML-NG was called at 02-Apr-2020 07:43:32 as follows:

/apps/raxml-ng/0.9.0/bin/raxml-ng --search --msa results/200317/alignments/200317.trimmed.noDup.muscleAlignment.raxml.rba --tree rand{100} --prefix results/200317/200317_trees/CT16 --seed 21306 --threads 4

Analysis options:
  run mode: ML tree search
  start tree(s): random (100)
  random seed: 21306
  tip-inner: OFF
  pattern compression: ON
  per-rate scalers: OFF
  site repeats: ON
  fast spr radius: AUTO
  spr subtree cutoff: 1.000000
  branch lengths: proportional (ML estimate, algorithm: NR-FAST)
  SIMD kernels: AVX2
  parallelization: PTHREADS (4 threads), thread pinning: OFF

[00:00:00] Loading binary alignment from file: results/200317/alignments/200317.trimmed.noDup.muscleAlignment.raxml.rba
[00:00:00] Alignment comprises 301 taxa, 1 partitions and 732 patterns

Partition 0: noname
Model: GTR+FO+I+G4m
Alignment sites / patterns: 29655 / 732
Gaps: 0.10 %
Invariant sites: 98.18 %


[00:00:00] Generating 100 random starting tree(s) with 301 taxa
[00:00:00] Data distribution: max. partitions/sites/weight per thread: 1 / 183 / 2928

Starting ML tree search with 100 distinct starting trees

[00:00:56] ML tree search #1, logLikelihood: -46038.159025
[00:01:52] ML tree search #2, logLikelihood: -46032.270883
[00:02:43] ML tree search #3, logLikelihood: -46032.270770
[00:03:43] ML tree search #4, logLikelihood: -46032.234323
[00:04:39] ML tree search #5, logLikelihood: -46032.748142
[00:05:35] ML tree search #6, logLikelihood: -46032.286322
[00:06:29] ML tree search #7, logLikelihood: -46032.291885
[00:07:23] ML tree search #8, logLikelihood: -46038.139391
[00:08:19] ML tree search #9, logLikelihood: -46032.235099
[00:09:08] ML tree search #10, logLikelihood: -46032.285747
[00:10:00] ML tree search #11, logLikelihood: -46032.229983
[00:11:00] ML tree search #12, logLikelihood: -46032.230900
[00:11:53] ML tree search #13, logLikelihood: -46032.271104
[00:12:44] ML tree search #14, logLikelihood: -46032.616073
[00:13:38] ML tree search #15, logLikelihood: -46032.310889
[00:14:33] ML tree search #16, logLikelihood: -46032.882443
[00:15:27] ML tree search #17, logLikelihood: -46032.314773
[00:16:21] ML tree search #18, logLikelihood: -46038.129839
[00:17:13] ML tree search #19, logLikelihood: -46032.231333
[00:18:06] ML tree search #20, logLikelihood: -46038.150538
[00:19:04] ML tree search #21, logLikelihood: -46032.290557
[00:19:59] ML tree search #22, logLikelihood: -46038.130321
[00:20:52] ML tree search #23, logLikelihood: -46032.230759
[00:21:48] ML tree search #24, logLikelihood: -46032.244858
[00:22:43] ML tree search #25, logLikelihood: -46038.139079
[00:23:36] ML tree search #26, logLikelihood: -46032.275408
[00:24:30] ML tree search #27, logLikelihood: -46032.823582
[00:25:22] ML tree search #28, logLikelihood: -46038.153792
[00:26:14] ML tree search #29, logLikelihood: -46032.235006
[00:27:10] ML tree search #30, logLikelihood: -46032.787865
[00:28:20] ML tree search #31, logLikelihood: -46032.805257
[00:29:11] ML tree search #32, logLikelihood: -46032.270233
[00:30:05] ML tree search #33, logLikelihood: -46032.269599
[00:30:56] ML tree search #34, logLikelihood: -46032.304467
[00:31:49] ML tree search #35, logLikelihood: -46032.266010
[00:32:41] ML tree search #36, logLikelihood: -46032.843881
[00:33:54] ML tree search #37, logLikelihood: -46032.238186
[00:34:49] ML tree search #38, logLikelihood: -46032.231767
[00:35:45] ML tree search #39, logLikelihood: -46032.284771
[00:36:44] ML tree search #40, logLikelihood: -46032.803875
[00:37:41] ML tree search #41, logLikelihood: -46032.230722
[00:38:34] ML tree search #42, logLikelihood: -46032.283678
[00:39:24] ML tree search #43, logLikelihood: -46038.149345
[00:40:23] ML tree search #44, logLikelihood: -46032.230706
[00:41:19] ML tree search #45, logLikelihood: -46032.230423
[00:42:09] ML tree search #46, logLikelihood: -46032.229512
[00:43:02] ML tree search #47, logLikelihood: -46032.231042
[00:43:50] ML tree search #48, logLikelihood: -46039.067951
[00:44:35] ML tree search #49, logLikelihood: -46038.179325
[00:45:33] ML tree search #50, logLikelihood: -46032.235403
[00:46:28] ML tree search #51, logLikelihood: -46032.271546
[00:47:24] ML tree search #52, logLikelihood: -46032.249836
[00:48:19] ML tree search #53, logLikelihood: -46032.844724
[00:49:09] ML tree search #54, logLikelihood: -46032.300087
[00:50:31] ML tree search #55, logLikelihood: -46032.253696
[00:51:27] ML tree search #56, logLikelihood: -46032.230638
[00:52:18] ML tree search #57, logLikelihood: -46032.230296
[00:53:12] ML tree search #58, logLikelihood: -46032.291048
[00:54:02] ML tree search #59, logLikelihood: -46032.270304
[00:54:58] ML tree search #60, logLikelihood: -46032.234383
[00:56:00] ML tree search #61, logLikelihood: -46032.231082
[00:56:57] ML tree search #62, logLikelihood: -46032.230569
[00:57:48] ML tree search #63, logLikelihood: -46032.843731
[00:58:39] ML tree search #64, logLikelihood: -46032.231086
[00:59:35] ML tree search #65, logLikelihood: -46032.231371
[01:00:26] ML tree search #66, logLikelihood: -46032.245430
[01:01:17] ML tree search #67, logLikelihood: -46032.290702
[01:02:10] ML tree search #68, logLikelihood: -46032.335179
[01:03:04] ML tree search #69, logLikelihood: -46032.230057
[01:04:00] ML tree search #70, logLikelihood: -46038.158768
[01:04:54] ML tree search #71, logLikelihood: -46038.179719
[01:05:46] ML tree search #72, logLikelihood: -46038.163204
[01:06:41] ML tree search #73, logLikelihood: -46032.230195
[01:07:30] ML tree search #74, logLikelihood: -46032.600968
[01:08:18] ML tree search #75, logLikelihood: -46038.158986
[01:09:12] ML tree search #76, logLikelihood: -46038.130762
[01:10:02] ML tree search #77, logLikelihood: -46085.597885
[01:10:54] ML tree search #78, logLikelihood: -46032.230366
[01:11:46] ML tree search #79, logLikelihood: -46032.249351
[01:12:35] ML tree search #80, logLikelihood: -46038.144985
[01:13:27] ML tree search #81, logLikelihood: -46038.129419
[01:14:23] ML tree search #82, logLikelihood: -46032.849935
[01:15:12] ML tree search #83, logLikelihood: -46032.294281
[01:15:59] ML tree search #84, logLikelihood: -46038.130394
[01:16:50] ML tree search #85, logLikelihood: -46032.807494
[01:17:52] ML tree search #86, logLikelihood: -46032.235380
[01:18:45] ML tree search #87, logLikelihood: -46032.230986
[01:19:38] ML tree search #88, logLikelihood: -46032.806622
[01:20:31] ML tree search #89, logLikelihood: -46032.270045
[01:21:23] ML tree search #90, logLikelihood: -46038.144035
[01:22:16] ML tree search #91, logLikelihood: -46032.260225
[01:23:04] ML tree search #92, logLikelihood: -46032.270013
[01:24:02] ML tree search #93, logLikelihood: -46032.230945
[01:25:18] ML tree search #94, logLikelihood: -46032.237764
[01:26:15] ML tree search #95, logLikelihood: -46032.230636
[01:27:08] ML tree search #96, logLikelihood: -46038.681795
[01:27:59] ML tree search #97, logLikelihood: -46033.171694
[01:28:54] ML tree search #98, logLikelihood: -46038.139092
[01:29:47] ML tree search #99, logLikelihood: -46032.289390
[01:30:42] ML tree search #100, logLikelihood: -46032.230058

Optimized model parameters:

   Partition 0: noname
   Rate heterogeneity: GAMMA (4 cats, mean),  alpha: 1.553707 (ML),  weights&rates: (0.250000,0.233501) (0.250000,0.597258) (0.250000,1.053426) (0.250000,2.115815) 
   P-inv (ML): 0.796418
   Base frequencies (ML): 0.298534 0.182179 0.195660 0.323627 
   Substitution rates (ML): 0.383070 1.205133 0.329300 0.701177 3.396630 1.000000 


Final LogLikelihood: -46032.229512

AIC score: 93282.459024 / AICc score: 93308.039330 / BIC score: 98335.567113
Free parameters (model + branch lengths): 609

Best ML tree saved to: /scratch1/wil9cq/COVID19_TBED/analysisPipeline/results/200317/200317_trees/CT16.raxml.bestTree
All ML trees saved to: /scratch1/wil9cq/COVID19_TBED/analysisPipeline/results/200317/200317_trees/CT16.raxml.mlTrees
Optimized model saved to: /scratch1/wil9cq/COVID19_TBED/analysisPipeline/results/200317/200317_trees/CT16.raxml.bestModel

Execution log saved to: /scratch1/wil9cq/COVID19_TBED/analysisPipeline/results/200317/200317_trees/CT16.raxml.log

Analysis started: 02-Apr-2020 07:43:32 / finished: 02-Apr-2020 09:14:15

Elapsed time: 5442.824 seconds

