
RAxML-NG v. 0.9.0 released on 20.05.2019 by The Exelixis Lab.
Developed by: Alexey M. Kozlov and Alexandros Stamatakis.
Contributors: Diego Darriba, Tomas Flouri, Benoit Morel, Sarah Lutteropp, Ben Bettisworth.
Latest version: https://github.com/amkozlov/raxml-ng
Questions/problems/suggestions? Please visit: https://groups.google.com/forum/#!forum/raxml

RAxML-NG was called at 02-Apr-2020 07:22:41 as follows:

/apps/raxml-ng/0.9.0/bin/raxml-ng --search --msa results/200317/alignments/200317.trimmed.noDup.muscleAlignment.raxml.rba --tree rand{100} --prefix results/200317/200317_trees/CT18 --seed 5744 --threads 4

Analysis options:
  run mode: ML tree search
  start tree(s): random (100)
  random seed: 5744
  tip-inner: OFF
  pattern compression: ON
  per-rate scalers: OFF
  site repeats: ON
  fast spr radius: AUTO
  spr subtree cutoff: 1.000000
  branch lengths: proportional (ML estimate, algorithm: NR-FAST)
  SIMD kernels: AVX2
  parallelization: PTHREADS (4 threads), thread pinning: OFF

[00:00:00] Loading binary alignment from file: results/200317/alignments/200317.trimmed.noDup.muscleAlignment.raxml.rba
[00:00:00] Alignment comprises 301 taxa, 1 partitions and 732 patterns

Partition 0: noname
Model: GTR+FO+I+G4m
Alignment sites / patterns: 29655 / 732
Gaps: 0.10 %
Invariant sites: 98.18 %


[00:00:00] Generating 100 random starting tree(s) with 301 taxa
[00:00:00] Data distribution: max. partitions/sites/weight per thread: 1 / 183 / 2928

Starting ML tree search with 100 distinct starting trees

[00:00:58] ML tree search #1, logLikelihood: -46032.259814
[00:01:49] ML tree search #2, logLikelihood: -46032.290333
[00:02:40] ML tree search #3, logLikelihood: -46032.269676
[00:03:37] ML tree search #4, logLikelihood: -46032.285070
[00:04:31] ML tree search #5, logLikelihood: -46032.230454
[00:05:22] ML tree search #6, logLikelihood: -46038.139554
[00:06:17] ML tree search #7, logLikelihood: -46032.231248
[00:07:14] ML tree search #8, logLikelihood: -46032.270596
[00:08:07] ML tree search #9, logLikelihood: -46032.650788
[00:08:58] ML tree search #10, logLikelihood: -46038.556165
[00:09:52] ML tree search #11, logLikelihood: -46032.244895
[00:10:46] ML tree search #12, logLikelihood: -46032.235268
[00:11:35] ML tree search #13, logLikelihood: -46032.269701
[00:12:26] ML tree search #14, logLikelihood: -46032.230577
[00:13:20] ML tree search #15, logLikelihood: -46032.235612
[00:14:14] ML tree search #16, logLikelihood: -46032.300829
[00:15:11] ML tree search #17, logLikelihood: -46032.249547
[00:16:05] ML tree search #18, logLikelihood: -46032.230823
[00:16:59] ML tree search #19, logLikelihood: -46032.846690
[00:18:17] ML tree search #20, logLikelihood: -46032.237003
[00:19:04] ML tree search #21, logLikelihood: -46032.271048
[00:20:01] ML tree search #22, logLikelihood: -46032.270738
[00:20:50] ML tree search #23, logLikelihood: -46032.359747
[00:21:42] ML tree search #24, logLikelihood: -46033.426388
[00:23:03] ML tree search #25, logLikelihood: -46032.254888
[00:24:01] ML tree search #26, logLikelihood: -46032.234369
[00:25:00] ML tree search #27, logLikelihood: -46032.803517
[00:25:55] ML tree search #28, logLikelihood: -46032.284688
[00:26:45] ML tree search #29, logLikelihood: -46032.230654
[00:27:38] ML tree search #30, logLikelihood: -46032.250513
[00:28:27] ML tree search #31, logLikelihood: -46038.179402
[00:29:18] ML tree search #32, logLikelihood: -46038.154114
[00:30:11] ML tree search #33, logLikelihood: -46032.269835
[00:31:06] ML tree search #34, logLikelihood: -46032.249561
[00:31:56] ML tree search #35, logLikelihood: -46032.245807
[00:32:51] ML tree search #36, logLikelihood: -46032.235297
[00:33:53] ML tree search #37, logLikelihood: -46032.230659
[00:34:46] ML tree search #38, logLikelihood: -46038.139361
[00:35:34] ML tree search #39, logLikelihood: -46040.091036
[00:36:29] ML tree search #40, logLikelihood: -46032.274883
[00:37:22] ML tree search #41, logLikelihood: -46032.300940
[00:38:20] ML tree search #42, logLikelihood: -46032.230184
[00:39:13] ML tree search #43, logLikelihood: -46032.610137
[00:40:03] ML tree search #44, logLikelihood: -46032.263979
[00:40:55] ML tree search #45, logLikelihood: -46032.819180
[00:41:48] ML tree search #46, logLikelihood: -46032.231209
[00:42:40] ML tree search #47, logLikelihood: -46032.230757
[00:43:34] ML tree search #48, logLikelihood: -46032.805037
[00:44:29] ML tree search #49, logLikelihood: -46038.138671
[00:45:19] ML tree search #50, logLikelihood: -46032.269422
[00:46:07] ML tree search #51, logLikelihood: -46032.289973
[00:46:55] ML tree search #52, logLikelihood: -46038.742687
[00:47:49] ML tree search #53, logLikelihood: -46032.231365
[00:48:45] ML tree search #54, logLikelihood: -46032.230707
[00:49:37] ML tree search #55, logLikelihood: -46032.598281
[00:50:30] ML tree search #56, logLikelihood: -46032.269284
[00:51:21] ML tree search #57, logLikelihood: -46032.254274
[00:52:17] ML tree search #58, logLikelihood: -46032.803571
[00:53:10] ML tree search #59, logLikelihood: -46032.230420
[00:54:05] ML tree search #60, logLikelihood: -46032.275672
[00:54:57] ML tree search #61, logLikelihood: -46038.194050
[00:55:49] ML tree search #62, logLikelihood: -46032.803609
[00:56:47] ML tree search #63, logLikelihood: -46032.230789
[00:57:39] ML tree search #64, logLikelihood: -46032.842915
[00:58:38] ML tree search #65, logLikelihood: -46032.230288
[00:59:59] ML tree search #66, logLikelihood: -46032.262123
[01:01:00] ML tree search #67, logLikelihood: -46032.852589
[01:01:53] ML tree search #68, logLikelihood: -46032.230867
[01:02:47] ML tree search #69, logLikelihood: -46032.230454
[01:03:44] ML tree search #70, logLikelihood: -46032.260822
[01:04:42] ML tree search #71, logLikelihood: -46032.803527
[01:05:32] ML tree search #72, logLikelihood: -46032.274429
[01:06:28] ML tree search #73, logLikelihood: -46032.230982
[01:07:30] ML tree search #74, logLikelihood: -46032.250516
[01:08:28] ML tree search #75, logLikelihood: -46032.249233
[01:09:30] ML tree search #76, logLikelihood: -46032.361536
[01:10:39] ML tree search #77, logLikelihood: -46032.787875
[01:11:32] ML tree search #78, logLikelihood: -46038.139327
[01:12:23] ML tree search #79, logLikelihood: -46032.271577
[01:13:16] ML tree search #80, logLikelihood: -46032.275986
[01:14:11] ML tree search #81, logLikelihood: -46032.269243
[01:14:59] ML tree search #82, logLikelihood: -46038.130757
[01:15:51] ML tree search #83, logLikelihood: -46032.231185
[01:16:44] ML tree search #84, logLikelihood: -46032.257838
[01:17:36] ML tree search #85, logLikelihood: -46032.299528
[01:18:28] ML tree search #86, logLikelihood: -46032.291624
[01:19:25] ML tree search #87, logLikelihood: -46032.245254
[01:20:20] ML tree search #88, logLikelihood: -46032.234368
[01:21:19] ML tree search #89, logLikelihood: -46032.250344
[01:22:16] ML tree search #90, logLikelihood: -46032.300028
[01:23:10] ML tree search #91, logLikelihood: -46032.229917
[01:24:03] ML tree search #92, logLikelihood: -46032.328967
[01:24:51] ML tree search #93, logLikelihood: -46032.290762
[01:25:57] ML tree search #94, logLikelihood: -46032.277616
[01:26:51] ML tree search #95, logLikelihood: -46032.244066
[01:27:47] ML tree search #96, logLikelihood: -46032.230865
[01:28:36] ML tree search #97, logLikelihood: -46032.234247
[01:29:29] ML tree search #98, logLikelihood: -46032.864476
[01:30:25] ML tree search #99, logLikelihood: -46032.231581
[01:31:19] ML tree search #100, logLikelihood: -46032.822831

Optimized model parameters:

   Partition 0: noname
   Rate heterogeneity: GAMMA (4 cats, mean),  alpha: 1.553217 (ML),  weights&rates: (0.250000,0.233428) (0.250000,0.597181) (0.250000,1.053400) (0.250000,2.115991) 
   P-inv (ML): 0.796400
   Base frequencies (ML): 0.298534 0.182179 0.195660 0.323627 
   Substitution rates (ML): 0.383061 1.205121 0.329298 0.701215 3.396795 1.000000 


Final LogLikelihood: -46032.229917

AIC score: 93282.459835 / AICc score: 93308.040141 / BIC score: 98335.567924
Free parameters (model + branch lengths): 609

Best ML tree saved to: /scratch1/wil9cq/COVID19_TBED/analysisPipeline/results/200317/200317_trees/CT18.raxml.bestTree
All ML trees saved to: /scratch1/wil9cq/COVID19_TBED/analysisPipeline/results/200317/200317_trees/CT18.raxml.mlTrees
Optimized model saved to: /scratch1/wil9cq/COVID19_TBED/analysisPipeline/results/200317/200317_trees/CT18.raxml.bestModel

Execution log saved to: /scratch1/wil9cq/COVID19_TBED/analysisPipeline/results/200317/200317_trees/CT18.raxml.log

Analysis started: 02-Apr-2020 07:22:41 / finished: 02-Apr-2020 08:54:01

Elapsed time: 5479.617 seconds

