
RAxML-NG v. 0.9.0 released on 20.05.2019 by The Exelixis Lab.
Developed by: Alexey M. Kozlov and Alexandros Stamatakis.
Contributors: Diego Darriba, Tomas Flouri, Benoit Morel, Sarah Lutteropp, Ben Bettisworth.
Latest version: https://github.com/amkozlov/raxml-ng
Questions/problems/suggestions? Please visit: https://groups.google.com/forum/#!forum/raxml

RAxML-NG was called at 02-Apr-2020 08:54:01 as follows:

/apps/raxml-ng/0.9.0/bin/raxml-ng --search --msa results/200317/alignments/200317.trimmed.noDup.muscleAlignment.raxml.rba --tree rand{100} --prefix results/200317/200317_trees/CT19 --seed 26810 --threads 4

Analysis options:
  run mode: ML tree search
  start tree(s): random (100)
  random seed: 26810
  tip-inner: OFF
  pattern compression: ON
  per-rate scalers: OFF
  site repeats: ON
  fast spr radius: AUTO
  spr subtree cutoff: 1.000000
  branch lengths: proportional (ML estimate, algorithm: NR-FAST)
  SIMD kernels: AVX2
  parallelization: PTHREADS (4 threads), thread pinning: OFF

[00:00:00] Loading binary alignment from file: results/200317/alignments/200317.trimmed.noDup.muscleAlignment.raxml.rba
[00:00:00] Alignment comprises 301 taxa, 1 partitions and 732 patterns

Partition 0: noname
Model: GTR+FO+I+G4m
Alignment sites / patterns: 29655 / 732
Gaps: 0.10 %
Invariant sites: 98.18 %


[00:00:00] Generating 100 random starting tree(s) with 301 taxa
[00:00:00] Data distribution: max. partitions/sites/weight per thread: 1 / 183 / 2928

Starting ML tree search with 100 distinct starting trees

[00:00:57] ML tree search #1, logLikelihood: -46032.234629
[00:01:53] ML tree search #2, logLikelihood: -46038.192033
[00:02:51] ML tree search #3, logLikelihood: -46032.245996
[00:03:44] ML tree search #4, logLikelihood: -46032.239668
[00:04:40] ML tree search #5, logLikelihood: -46038.150512
[00:05:31] ML tree search #6, logLikelihood: -46032.245484
[00:06:18] ML tree search #7, logLikelihood: -46032.270697
[00:07:16] ML tree search #8, logLikelihood: -46032.271479
[00:08:13] ML tree search #9, logLikelihood: -46038.748526
[00:09:02] ML tree search #10, logLikelihood: -46032.270073
[00:09:52] ML tree search #11, logLikelihood: -46038.139167
[00:10:40] ML tree search #12, logLikelihood: -46032.597446
[00:11:37] ML tree search #13, logLikelihood: -46032.273885
[00:12:30] ML tree search #14, logLikelihood: -46032.230923
[00:13:24] ML tree search #15, logLikelihood: -46032.289198
[00:14:14] ML tree search #16, logLikelihood: -46032.235611
[00:15:14] ML tree search #17, logLikelihood: -46032.245140
[00:16:04] ML tree search #18, logLikelihood: -46032.298613
[00:16:59] ML tree search #19, logLikelihood: -46032.231423
[00:17:54] ML tree search #20, logLikelihood: -46032.299910
[00:18:48] ML tree search #21, logLikelihood: -46032.598962
[00:19:37] ML tree search #22, logLikelihood: -46032.271359
[00:20:31] ML tree search #23, logLikelihood: -46038.159427
[00:21:19] ML tree search #24, logLikelihood: -46038.130957
[00:22:07] ML tree search #25, logLikelihood: -46038.195445
[00:23:03] ML tree search #26, logLikelihood: -46032.290917
[00:23:50] ML tree search #27, logLikelihood: -46032.596325
[00:24:42] ML tree search #28, logLikelihood: -46032.276004
[00:25:34] ML tree search #29, logLikelihood: -46038.160065
[00:26:27] ML tree search #30, logLikelihood: -46032.231027
[00:27:25] ML tree search #31, logLikelihood: -46032.269842
[00:28:22] ML tree search #32, logLikelihood: -46032.234927
[00:29:15] ML tree search #33, logLikelihood: -46032.275580
[00:30:01] ML tree search #34, logLikelihood: -46032.290673
[00:30:51] ML tree search #35, logLikelihood: -46032.844937
[00:31:43] ML tree search #36, logLikelihood: -46038.742909
[00:32:39] ML tree search #37, logLikelihood: -46032.805260
[00:33:35] ML tree search #38, logLikelihood: -46032.230382
[00:34:31] ML tree search #39, logLikelihood: -46032.229570
[00:35:25] ML tree search #40, logLikelihood: -46032.230823
[00:36:14] ML tree search #41, logLikelihood: -46038.457154
[00:37:13] ML tree search #42, logLikelihood: -46032.818442
[00:38:08] ML tree search #43, logLikelihood: -46032.230364
[00:39:03] ML tree search #44, logLikelihood: -46032.829092
[00:40:25] ML tree search #45, logLikelihood: -46032.260685
[00:41:17] ML tree search #46, logLikelihood: -46032.290579
[00:42:13] ML tree search #47, logLikelihood: -46032.230630
[00:43:07] ML tree search #48, logLikelihood: -46032.275065
[00:43:56] ML tree search #49, logLikelihood: -46032.275159
[00:44:48] ML tree search #50, logLikelihood: -46032.866532
[00:45:35] ML tree search #51, logLikelihood: -46032.320246
[00:46:30] ML tree search #52, logLikelihood: -46032.844376
[00:47:41] ML tree search #53, logLikelihood: -46032.804888
[00:48:35] ML tree search #54, logLikelihood: -46032.250823
[00:49:31] ML tree search #55, logLikelihood: -46032.230525
[00:50:21] ML tree search #56, logLikelihood: -46038.130787
[00:51:16] ML tree search #57, logLikelihood: -46038.457244
[00:52:08] ML tree search #58, logLikelihood: -46038.456873
[00:52:57] ML tree search #59, logLikelihood: -46032.274157
[00:53:51] ML tree search #60, logLikelihood: -46032.245596
[00:54:45] ML tree search #61, logLikelihood: -46032.824265
[00:55:38] ML tree search #62, logLikelihood: -46032.289567
[00:56:35] ML tree search #63, logLikelihood: -46032.615039
[00:57:30] ML tree search #64, logLikelihood: -46032.748076
[00:58:21] ML tree search #65, logLikelihood: -46038.150063
[00:59:21] ML tree search #66, logLikelihood: -46032.250029
[01:00:15] ML tree search #67, logLikelihood: -46032.230238
[01:01:11] ML tree search #68, logLikelihood: -46032.806765
[01:02:06] ML tree search #69, logLikelihood: -46032.231215
[01:02:54] ML tree search #70, logLikelihood: -46032.844360
[01:03:47] ML tree search #71, logLikelihood: -46032.285031
[01:04:39] ML tree search #72, logLikelihood: -46032.873388
[01:05:32] ML tree search #73, logLikelihood: -46032.253977
[01:06:25] ML tree search #74, logLikelihood: -46032.633532
[01:07:23] ML tree search #75, logLikelihood: -46032.260916
[01:08:14] ML tree search #76, logLikelihood: -46032.617660
[01:09:10] ML tree search #77, logLikelihood: -46038.753468
[01:10:30] ML tree search #78, logLikelihood: -46032.257780
[01:11:25] ML tree search #79, logLikelihood: -46032.230939
[01:12:40] ML tree search #80, logLikelihood: -46038.167496
[01:13:38] ML tree search #81, logLikelihood: -46032.823924
[01:14:26] ML tree search #82, logLikelihood: -46032.269683
[01:15:14] ML tree search #83, logLikelihood: -46032.283978
[01:16:06] ML tree search #84, logLikelihood: -46032.288484
[01:16:59] ML tree search #85, logLikelihood: -46032.230653
[01:17:51] ML tree search #86, logLikelihood: -46032.234473
[01:18:42] ML tree search #87, logLikelihood: -46032.299674
[01:19:33] ML tree search #88, logLikelihood: -46032.293645
[01:20:24] ML tree search #89, logLikelihood: -46032.290364
[01:21:17] ML tree search #90, logLikelihood: -46032.229704
[01:22:06] ML tree search #91, logLikelihood: -46032.333936
[01:23:01] ML tree search #92, logLikelihood: -46046.799571
[01:23:51] ML tree search #93, logLikelihood: -46032.290454
[01:24:44] ML tree search #94, logLikelihood: -46038.139068
[01:25:35] ML tree search #95, logLikelihood: -46032.861888
[01:26:22] ML tree search #96, logLikelihood: -46032.602689
[01:27:18] ML tree search #97, logLikelihood: -46032.231206
[01:28:12] ML tree search #98, logLikelihood: -46032.234248
[01:29:03] ML tree search #99, logLikelihood: -46038.157713
[01:30:00] ML tree search #100, logLikelihood: -46032.230866

Optimized model parameters:

   Partition 0: noname
   Rate heterogeneity: GAMMA (4 cats, mean),  alpha: 1.553410 (ML),  weights&rates: (0.250000,0.233457) (0.250000,0.597212) (0.250000,1.053410) (0.250000,2.115922) 
   P-inv (ML): 0.796409
   Base frequencies (ML): 0.298534 0.182179 0.195660 0.323627 
   Substitution rates (ML): 0.383064 1.205139 0.329298 0.701204 3.396744 1.000000 


Final LogLikelihood: -46032.229570

AIC score: 93282.459140 / AICc score: 93308.039446 / BIC score: 98335.567229
Free parameters (model + branch lengths): 609

Best ML tree saved to: /scratch1/wil9cq/COVID19_TBED/analysisPipeline/results/200317/200317_trees/CT19.raxml.bestTree
All ML trees saved to: /scratch1/wil9cq/COVID19_TBED/analysisPipeline/results/200317/200317_trees/CT19.raxml.mlTrees
Optimized model saved to: /scratch1/wil9cq/COVID19_TBED/analysisPipeline/results/200317/200317_trees/CT19.raxml.bestModel

Execution log saved to: /scratch1/wil9cq/COVID19_TBED/analysisPipeline/results/200317/200317_trees/CT19.raxml.log

Analysis started: 02-Apr-2020 08:54:01 / finished: 02-Apr-2020 10:24:01

Elapsed time: 5400.503 seconds

