
RAxML-NG v. 0.9.0 released on 20.05.2019 by The Exelixis Lab.
Developed by: Alexey M. Kozlov and Alexandros Stamatakis.
Contributors: Diego Darriba, Tomas Flouri, Benoit Morel, Sarah Lutteropp, Ben Bettisworth.
Latest version: https://github.com/amkozlov/raxml-ng
Questions/problems/suggestions? Please visit: https://groups.google.com/forum/#!forum/raxml

RAxML-NG was called at 02-Apr-2020 05:05:09 as follows:

/apps/raxml-ng/0.9.0/bin/raxml-ng --search --msa results/200317/alignments/200317.trimmed.noDup.muscleAlignment.raxml.rba --tree rand{100} --prefix results/200317/200317_trees/CT20 --seed 16707 --threads 4

Analysis options:
  run mode: ML tree search
  start tree(s): random (100)
  random seed: 16707
  tip-inner: OFF
  pattern compression: ON
  per-rate scalers: OFF
  site repeats: ON
  fast spr radius: AUTO
  spr subtree cutoff: 1.000000
  branch lengths: proportional (ML estimate, algorithm: NR-FAST)
  SIMD kernels: AVX2
  parallelization: PTHREADS (4 threads), thread pinning: OFF

[00:00:00] Loading binary alignment from file: results/200317/alignments/200317.trimmed.noDup.muscleAlignment.raxml.rba
[00:00:00] Alignment comprises 301 taxa, 1 partitions and 732 patterns

Partition 0: noname
Model: GTR+FO+I+G4m
Alignment sites / patterns: 29655 / 732
Gaps: 0.10 %
Invariant sites: 98.18 %


[00:00:00] Generating 100 random starting tree(s) with 301 taxa
[00:00:00] Data distribution: max. partitions/sites/weight per thread: 1 / 183 / 2928

Starting ML tree search with 100 distinct starting trees

[00:00:56] ML tree search #1, logLikelihood: -46032.279342
[00:01:56] ML tree search #2, logLikelihood: -46032.245827
[00:02:52] ML tree search #3, logLikelihood: -46032.231265
[00:03:49] ML tree search #4, logLikelihood: -46032.858588
[00:04:45] ML tree search #5, logLikelihood: -46032.230727
[00:05:43] ML tree search #6, logLikelihood: -46032.235266
[00:06:37] ML tree search #7, logLikelihood: -46032.294493
[00:07:26] ML tree search #8, logLikelihood: -46039.730133
[00:08:18] ML tree search #9, logLikelihood: -46032.249683
[00:09:11] ML tree search #10, logLikelihood: -46032.906901
[00:10:07] ML tree search #11, logLikelihood: -46033.341824
[00:11:04] ML tree search #12, logLikelihood: -46038.162502
[00:11:58] ML tree search #13, logLikelihood: -46032.270680
[00:12:51] ML tree search #14, logLikelihood: -46038.143479
[00:13:47] ML tree search #15, logLikelihood: -46032.843192
[00:14:46] ML tree search #16, logLikelihood: -46038.140046
[00:16:04] ML tree search #17, logLikelihood: -46032.257128
[00:17:00] ML tree search #18, logLikelihood: -46032.269095
[00:17:56] ML tree search #19, logLikelihood: -46032.269821
[00:18:50] ML tree search #20, logLikelihood: -46032.859728
[00:19:47] ML tree search #21, logLikelihood: -46032.274647
[00:20:46] ML tree search #22, logLikelihood: -46038.139577
[00:21:44] ML tree search #23, logLikelihood: -46032.230650
[00:22:36] ML tree search #24, logLikelihood: -46038.134245
[00:23:24] ML tree search #25, logLikelihood: -46032.269370
[00:24:19] ML tree search #26, logLikelihood: -46032.271733
[00:25:19] ML tree search #27, logLikelihood: -46032.231716
[00:26:18] ML tree search #28, logLikelihood: -46032.748490
[00:27:23] ML tree search #29, logLikelihood: -46032.230705
[00:28:13] ML tree search #30, logLikelihood: -46032.300863
[00:29:05] ML tree search #31, logLikelihood: -46032.289562
[00:30:02] ML tree search #32, logLikelihood: -46033.169616
[00:30:59] ML tree search #33, logLikelihood: -46032.270727
[00:31:56] ML tree search #34, logLikelihood: -46032.837490
[00:33:11] ML tree search #35, logLikelihood: -46032.230217
[00:34:04] ML tree search #36, logLikelihood: -46032.352657
[00:34:58] ML tree search #37, logLikelihood: -46032.285005
[00:35:58] ML tree search #38, logLikelihood: -46032.271238
[00:36:51] ML tree search #39, logLikelihood: -46032.289741
[00:37:42] ML tree search #40, logLikelihood: -46032.229900
[00:38:38] ML tree search #41, logLikelihood: -46032.270713
[00:39:33] ML tree search #42, logLikelihood: -46032.230815
[00:40:33] ML tree search #43, logLikelihood: -46032.230790
[00:41:25] ML tree search #44, logLikelihood: -46038.707051
[00:42:20] ML tree search #45, logLikelihood: -46038.139866
[00:43:22] ML tree search #46, logLikelihood: -46032.235852
[00:44:16] ML tree search #47, logLikelihood: -46032.844882
[00:45:16] ML tree search #48, logLikelihood: -46032.250355
[00:46:13] ML tree search #49, logLikelihood: -46032.245547
[00:47:40] ML tree search #50, logLikelihood: -46032.281467
[00:48:39] ML tree search #51, logLikelihood: -46032.842461
[00:49:33] ML tree search #52, logLikelihood: -46032.309271
[00:50:27] ML tree search #53, logLikelihood: -46038.129990
[00:51:19] ML tree search #54, logLikelihood: -46038.134404
[00:52:20] ML tree search #55, logLikelihood: -46032.240152
[00:53:16] ML tree search #56, logLikelihood: -46038.158614
[00:54:10] ML tree search #57, logLikelihood: -46032.230684
[00:55:01] ML tree search #58, logLikelihood: -46032.802849
[00:55:59] ML tree search #59, logLikelihood: -46032.863980
[00:56:49] ML tree search #60, logLikelihood: -46032.289053
[00:57:46] ML tree search #61, logLikelihood: -46032.270124
[00:58:41] ML tree search #62, logLikelihood: -46038.731911
[00:59:31] ML tree search #63, logLikelihood: -46038.178767
[01:00:26] ML tree search #64, logLikelihood: -46038.143669
[01:01:27] ML tree search #65, logLikelihood: -46032.351283
[01:02:18] ML tree search #66, logLikelihood: -46032.827082
[01:03:06] ML tree search #67, logLikelihood: -46032.300077
[01:03:59] ML tree search #68, logLikelihood: -46032.269180
[01:05:01] ML tree search #69, logLikelihood: -46032.232852
[01:05:51] ML tree search #70, logLikelihood: -46038.177840
[01:06:48] ML tree search #71, logLikelihood: -46038.173096
[01:07:39] ML tree search #72, logLikelihood: -46032.284769
[01:08:31] ML tree search #73, logLikelihood: -46038.149685
[01:09:22] ML tree search #74, logLikelihood: -46032.304263
[01:10:18] ML tree search #75, logLikelihood: -46032.300381
[01:11:12] ML tree search #76, logLikelihood: -46038.179614
[01:12:11] ML tree search #77, logLikelihood: -46032.251916
[01:13:12] ML tree search #78, logLikelihood: -46032.833893
[01:14:09] ML tree search #79, logLikelihood: -46032.230940
[01:15:04] ML tree search #80, logLikelihood: -46032.245214
[01:15:53] ML tree search #81, logLikelihood: -46032.270288
[01:16:47] ML tree search #82, logLikelihood: -46032.803730
[01:17:46] ML tree search #83, logLikelihood: -46032.843727
[01:18:40] ML tree search #84, logLikelihood: -46032.271188
[01:19:33] ML tree search #85, logLikelihood: -46032.231074
[01:20:30] ML tree search #86, logLikelihood: -46032.230639
[01:21:29] ML tree search #87, logLikelihood: -46032.231365
[01:22:27] ML tree search #88, logLikelihood: -46032.244819
[01:23:19] ML tree search #89, logLikelihood: -46038.178970
[01:24:17] ML tree search #90, logLikelihood: -46032.234210
[01:25:15] ML tree search #91, logLikelihood: -46032.230646
[01:26:08] ML tree search #92, logLikelihood: -46032.260022
[01:27:07] ML tree search #93, logLikelihood: -46032.230213
[01:28:03] ML tree search #94, logLikelihood: -46032.230998
[01:29:00] ML tree search #95, logLikelihood: -46038.728229
[01:29:56] ML tree search #96, logLikelihood: -46032.235034
[01:30:46] ML tree search #97, logLikelihood: -46032.270199
[01:31:41] ML tree search #98, logLikelihood: -46032.285735
[01:32:37] ML tree search #99, logLikelihood: -46032.249500
[01:33:34] ML tree search #100, logLikelihood: -46032.803284

Optimized model parameters:

   Partition 0: noname
   Rate heterogeneity: GAMMA (4 cats, mean),  alpha: 1.554153 (ML),  weights&rates: (0.250000,0.233568) (0.250000,0.597329) (0.250000,1.053450) (0.250000,2.115654) 
   P-inv (ML): 0.796436
   Base frequencies (ML): 0.298534 0.182179 0.195660 0.323627 
   Substitution rates (ML): 0.383102 1.205439 0.329253 0.701073 3.396301 1.000000 


Final LogLikelihood: -46032.229900

AIC score: 93282.459800 / AICc score: 93308.040107 / BIC score: 98335.567889
Free parameters (model + branch lengths): 609

Best ML tree saved to: /scratch1/wil9cq/COVID19_TBED/analysisPipeline/results/200317/200317_trees/CT20.raxml.bestTree
All ML trees saved to: /scratch1/wil9cq/COVID19_TBED/analysisPipeline/results/200317/200317_trees/CT20.raxml.mlTrees
Optimized model saved to: /scratch1/wil9cq/COVID19_TBED/analysisPipeline/results/200317/200317_trees/CT20.raxml.bestModel

Execution log saved to: /scratch1/wil9cq/COVID19_TBED/analysisPipeline/results/200317/200317_trees/CT20.raxml.log

Analysis started: 02-Apr-2020 05:05:09 / finished: 02-Apr-2020 06:38:43

Elapsed time: 5614.369 seconds

