
RAxML-NG v. 0.9.0 released on 20.05.2019 by The Exelixis Lab.
Developed by: Alexey M. Kozlov and Alexandros Stamatakis.
Contributors: Diego Darriba, Tomas Flouri, Benoit Morel, Sarah Lutteropp, Ben Bettisworth.
Latest version: https://github.com/amkozlov/raxml-ng
Questions/problems/suggestions? Please visit: https://groups.google.com/forum/#!forum/raxml

RAxML-NG was called at 02-Apr-2020 05:05:08 as follows:

raxml-ng --parse --msa results/200317/alignments/200317.trimmed.noDup.muscleAlignment --model GTR+G+I

Analysis options:
  run mode: Alignment parsing and compression
  start tree(s): 
  random seed: 1585764308
  tip-inner: OFF
  pattern compression: ON
  per-rate scalers: OFF
  site repeats: ON
  branch lengths: proportional (ML estimate, algorithm: NR-FAST)
  SIMD kernels: AVX2
  parallelization: PTHREADS (20 threads), thread pinning: OFF

[00:00:00] Reading alignment from file: results/200317/alignments/200317.trimmed.noDup.muscleAlignment
[00:00:00] Loaded alignment with 301 taxa and 29655 sites

Alignment comprises 1 partitions and 732 patterns

Partition 0: noname
Model: GTR+FO+I+G4m
Alignment sites / patterns: 29655 / 732
Gaps: 0.10 %
Invariant sites: 98.18 %


NOTE: Binary MSA file created: results/200317/alignments/200317.trimmed.noDup.muscleAlignment.raxml.rba

* Estimated memory requirements                : 54 MB

* Recommended number of threads / MPI processes: 3

Please note that numbers given above are rough estimates only. 
Actual memory consumption and parallel performance on your system may differ!

Alignment can be successfully read by RAxML-NG.


Execution log saved to: /scratch1/wil9cq/COVID19_TBED/analysisPipeline/results/200317/alignments/200317.trimmed.noDup.muscleAlignment.raxml.log

Analysis started: 02-Apr-2020 05:05:08 / finished: 02-Apr-2020 05:05:09

Elapsed time: 0.151 seconds

